{
"contracts\\SellGoods.sol":{"l":{"21":1,"32":1,"33":1,"37":1,"38":1,"39":1,"40":1,"41":1,"42":1,"47":2,"48":2,"49":1,"54":0,"55":0,"56":0,"61":0,"62":0,"63":0,"65":0,"66":0,"67":0,"68":0,"69":0,"71":0,"75":0,"76":0,"77":0,"78":0,"79":0,"80":0,"81":0,"82":0,"83":0},"path":"D:\\Projekty\\blockchain\\sell-smartcontract\\contracts\\SellGoods.sol","s":{"1":1,"2":1,"3":1,"4":1,"5":1,"6":1,"7":1,"8":1,"9":1,"10":2,"11":2,"12":1,"13":0,"14":0,"15":0,"16":0,"17":0,"18":0,"19":0,"20":0,"21":0,"22":0,"23":0,"24":0,"25":0,"26":0,"27":0,"28":0,"29":0,"30":0,"31":0,"32":0,"33":0},"b":{"1":[1,0],"2":[1,0],"3":[1,1],"4":[0,0],"5":[0,0],"6":[0,0],"7":[0,0],"8":[0,0],"9":[0,0],"10":[0,0],"11":[0,0],"12":[0,0],"13":[0,0]},"f":{"1":1,"2":1,"3":2,"4":0,"5":0,"6":0},"fnMap":{"1":{"name":"sellItem","line":20,"loc":{"start":{"line":20,"column":4},"end":{"line":34,"column":4}}},"2":{"name":"purchaseItem","line":36,"loc":{"start":{"line":36,"column":4},"end":{"line":43,"column":4}}},"3":{"name":"approvePurchase","line":46,"loc":{"start":{"line":46,"column":4},"end":{"line":50,"column":4}}},"4":{"name":"disputePurchase","line":53,"loc":{"start":{"line":53,"column":4},"end":{"line":58,"column":4}}},"5":{"name":"settleDispute","line":60,"loc":{"start":{"line":60,"column":4},"end":{"line":72,"column":4}}},"6":{"name":"withdrawMoneyFromContract","line":74,"loc":{"start":{"line":74,"column":4},"end":{"line":84,"column":4}}}},"statementMap":{"1":{"start":{"line":21,"column":8},"end":{"line":21,"column":487}},"2":{"start":{"line":32,"column":8},"end":{"line":32,"column":30}},"3":{"start":{"line":33,"column":8},"end":{"line":33,"column":19}},"4":{"start":{"line":37,"column":8},"end":{"line":37,"column":66}},"5":{"start":{"line":38,"column":8},"end":{"line":38,"column":41}},"6":{"start":{"line":39,"column":8},"end":{"line":39,"column":38}},"7":{"start":{"line":40,"column":8},"end":{"line":40,"column":49}},"8":{"start":{"line":41,"column":8},"end":{"line":41,"column":41}},"9":{"start":{"line":42,"column":8},"end":{"line":42,"column":40}},"10":{"start":{"line":47,"column":8},"end":{"line":47,"column":66}},"11":{"start":{"line":48,"column":8},"end":{"line":48,"column":78}},"12":{"start":{"line":49,"column":8},"end":{"line":49,"column":37}},"13":{"start":{"line":54,"column":8},"end":{"line":54,"column":66}},"14":{"start":{"line":55,"column":8},"end":{"line":55,"column":40}},"15":{"start":{"line":56,"column":8},"end":{"line":56,"column":37}},"16":{"start":{"line":61,"column":8},"end":{"line":61,"column":66}},"17":{"start":{"line":62,"column":8},"end":{"line":62,"column":83}},"18":{"start":{"line":63,"column":8},"end":{"line":63,"column":83}},"19":{"start":{"line":65,"column":8},"end":{"line":65,"column":2352}},"20":{"start":{"line":66,"column":12},"end":{"line":66,"column":58}},"21":{"start":{"line":67,"column":12},"end":{"line":67,"column":37}},"22":{"start":{"line":68,"column":12},"end":{"line":68,"column":85}},"23":{"start":{"line":69,"column":12},"end":{"line":69,"column":47}},"24":{"start":{"line":71,"column":7},"end":{"line":71,"column":37}},"25":{"start":{"line":75,"column":8},"end":{"line":75,"column":66}},"26":{"start":{"line":76,"column":8},"end":{"line":76,"column":73}},"27":{"start":{"line":77,"column":8},"end":{"line":77,"column":84}},"28":{"start":{"line":78,"column":8},"end":{"line":78,"column":105}},"29":{"start":{"line":79,"column":8},"end":{"line":79,"column":85}},"30":{"start":{"line":80,"column":8},"end":{"line":80,"column":54}},"31":{"start":{"line":81,"column":8},"end":{"line":81,"column":33}},"32":{"start":{"line":82,"column":8},"end":{"line":82,"column":81}},"33":{"start":{"line":83,"column":8},"end":{"line":83,"column":43}}},"branchMap":{"1":{"line":38,"type":"if","locations":[{"start":{"line":38,"column":8},"end":{"line":38,"column":8}},{"start":{"line":38,"column":8},"end":{"line":38,"column":8}}]},"2":{"line":40,"type":"if","locations":[{"start":{"line":40,"column":8},"end":{"line":40,"column":8}},{"start":{"line":40,"column":8},"end":{"line":40,"column":8}}]},"3":{"line":48,"type":"if","locations":[{"start":{"line":48,"column":8},"end":{"line":48,"column":8}},{"start":{"line":48,"column":8},"end":{"line":48,"column":8}}]},"4":{"line":55,"type":"if","locations":[{"start":{"line":55,"column":8},"end":{"line":55,"column":8}},{"start":{"line":55,"column":8},"end":{"line":55,"column":8}}]},"5":{"line":62,"type":"if","locations":[{"start":{"line":62,"column":8},"end":{"line":62,"column":8}},{"start":{"line":62,"column":8},"end":{"line":62,"column":8}}]},"6":{"line":63,"type":"if","locations":[{"start":{"line":63,"column":8},"end":{"line":63,"column":8}},{"start":{"line":63,"column":8},"end":{"line":63,"column":8}}]},"7":{"line":65,"type":"if","locations":[{"start":{"line":65,"column":8},"end":{"line":65,"column":8}},{"start":{"line":65,"column":8},"end":{"line":65,"column":8}}]},"8":{"line":69,"type":"if","locations":[{"start":{"line":69,"column":12},"end":{"line":69,"column":12}},{"start":{"line":69,"column":12},"end":{"line":69,"column":12}}]},"9":{"line":76,"type":"if","locations":[{"start":{"line":76,"column":8},"end":{"line":76,"column":8}},{"start":{"line":76,"column":8},"end":{"line":76,"column":8}}]},"10":{"line":77,"type":"if","locations":[{"start":{"line":77,"column":8},"end":{"line":77,"column":8}},{"start":{"line":77,"column":8},"end":{"line":77,"column":8}}]},"11":{"line":78,"type":"if","locations":[{"start":{"line":78,"column":8},"end":{"line":78,"column":8}},{"start":{"line":78,"column":8},"end":{"line":78,"column":8}}]},"12":{"line":79,"type":"if","locations":[{"start":{"line":79,"column":8},"end":{"line":79,"column":8}},{"start":{"line":79,"column":8},"end":{"line":79,"column":8}}]},"13":{"line":83,"type":"if","locations":[{"start":{"line":83,"column":8},"end":{"line":83,"column":8}},{"start":{"line":83,"column":8},"end":{"line":83,"column":8}}]}}},
"contracts\\SellGoodsErc20.sol":{"l":{"26":1,"38":1,"39":1,"43":1,"44":1,"45":0,"50":0,"51":0,"52":0,"58":0,"59":0,"60":0,"62":0,"63":0,"64":0,"65":0,"67":0,"71":0,"72":0,"73":0,"74":0,"75":0,"76":0,"77":0,"78":0,"79":0,"84":0,"89":0,"90":0,"91":0,"92":0,"93":0,"95":0,"96":0,"97":0,"101":0},"path":"D:\\Projekty\\blockchain\\sell-smartcontract\\contracts\\SellGoodsErc20.sol","s":{"1":1,"2":1,"3":1,"4":1,"5":1,"6":0,"7":0,"8":0,"9":0,"10":0,"11":0,"12":0,"13":0,"14":0,"15":0,"16":0,"17":0,"18":0,"19":0,"20":0,"21":0,"22":0,"23":0,"24":0,"25":0,"26":0,"27":0,"28":0,"29":0,"30":0,"31":0,"32":0,"33":0,"34":0,"35":0,"36":0},"b":{"1":[0,1],"2":[0,0],"3":[0,0],"4":[0,0],"5":[0,0],"6":[0,0],"7":[0,0],"8":[0,0],"9":[0,0],"10":[0,0],"11":[0,0]},"f":{"1":1,"2":1,"3":0,"4":0,"5":0,"6":0,"7":0,"8":0},"fnMap":{"1":{"name":"sellItem","line":25,"loc":{"start":{"line":25,"column":4},"end":{"line":40,"column":4}}},"2":{"name":"approvePurchase","line":42,"loc":{"start":{"line":42,"column":5},"end":{"line":46,"column":4}}},"3":{"name":"disputePurchase","line":49,"loc":{"start":{"line":49,"column":4},"end":{"line":54,"column":4}}},"4":{"name":"settleDispute","line":57,"loc":{"start":{"line":57,"column":4},"end":{"line":68,"column":4}}},"5":{"name":"withdrawMoneyFromContract","line":70,"loc":{"start":{"line":70,"column":4},"end":{"line":80,"column":4}}},"6":{"name":"getBalanceOf","line":83,"loc":{"start":{"line":83,"column":4},"end":{"line":85,"column":4}}},"7":{"name":"purchaseItem","line":88,"loc":{"start":{"line":88,"column":4},"end":{"line":98,"column":4}}},"8":{"name":"getContractBalanceOf","line":100,"loc":{"start":{"line":100,"column":4},"end":{"line":102,"column":4}}}},"statementMap":{"1":{"start":{"line":26,"column":8},"end":{"line":26,"column":646}},"2":{"start":{"line":38,"column":8},"end":{"line":38,"column":30}},"3":{"start":{"line":39,"column":8},"end":{"line":39,"column":19}},"4":{"start":{"line":43,"column":8},"end":{"line":43,"column":66}},"5":{"start":{"line":44,"column":8},"end":{"line":44,"column":78}},"6":{"start":{"line":45,"column":8},"end":{"line":45,"column":37}},"7":{"start":{"line":50,"column":8},"end":{"line":50,"column":66}},"8":{"start":{"line":51,"column":8},"end":{"line":51,"column":40}},"9":{"start":{"line":52,"column":8},"end":{"line":52,"column":37}},"10":{"start":{"line":58,"column":8},"end":{"line":58,"column":66}},"11":{"start":{"line":59,"column":8},"end":{"line":59,"column":83}},"12":{"start":{"line":60,"column":8},"end":{"line":60,"column":83}},"13":{"start":{"line":62,"column":8},"end":{"line":62,"column":2180}},"14":{"start":{"line":63,"column":12},"end":{"line":63,"column":58}},"15":{"start":{"line":64,"column":12},"end":{"line":64,"column":37}},"16":{"start":{"line":65,"column":12},"end":{"line":65,"column":91}},"17":{"start":{"line":67,"column":7},"end":{"line":67,"column":37}},"18":{"start":{"line":71,"column":8},"end":{"line":71,"column":66}},"19":{"start":{"line":72,"column":8},"end":{"line":72,"column":73}},"20":{"start":{"line":73,"column":8},"end":{"line":73,"column":84}},"21":{"start":{"line":74,"column":8},"end":{"line":74,"column":105}},"22":{"start":{"line":75,"column":8},"end":{"line":75,"column":85}},"23":{"start":{"line":76,"column":8},"end":{"line":76,"column":54}},"24":{"start":{"line":77,"column":8},"end":{"line":77,"column":33}},"25":{"start":{"line":78,"column":8},"end":{"line":78,"column":85}},"26":{"start":{"line":79,"column":8},"end":{"line":79,"column":87}},"27":{"start":{"line":84,"column":8},"end":{"line":84,"column":51}},"28":{"start":{"line":89,"column":8},"end":{"line":89,"column":66}},"29":{"start":{"line":90,"column":8},"end":{"line":90,"column":41}},"30":{"start":{"line":91,"column":8},"end":{"line":91,"column":38}},"31":{"start":{"line":92,"column":8},"end":{"line":92,"column":46}},"32":{"start":{"line":93,"column":8},"end":{"line":93,"column":39}},"33":{"start":{"line":95,"column":8},"end":{"line":95,"column":86}},"34":{"start":{"line":96,"column":8},"end":{"line":96,"column":40}},"35":{"start":{"line":97,"column":8},"end":{"line":97,"column":19}},"36":{"start":{"line":101,"column":8},"end":{"line":101,"column":54}}},"branchMap":{"1":{"line":44,"type":"if","locations":[{"start":{"line":44,"column":8},"end":{"line":44,"column":8}},{"start":{"line":44,"column":8},"end":{"line":44,"column":8}}]},"2":{"line":51,"type":"if","locations":[{"start":{"line":51,"column":8},"end":{"line":51,"column":8}},{"start":{"line":51,"column":8},"end":{"line":51,"column":8}}]},"3":{"line":59,"type":"if","locations":[{"start":{"line":59,"column":8},"end":{"line":59,"column":8}},{"start":{"line":59,"column":8},"end":{"line":59,"column":8}}]},"4":{"line":60,"type":"if","locations":[{"start":{"line":60,"column":8},"end":{"line":60,"column":8}},{"start":{"line":60,"column":8},"end":{"line":60,"column":8}}]},"5":{"line":62,"type":"if","locations":[{"start":{"line":62,"column":8},"end":{"line":62,"column":8}},{"start":{"line":62,"column":8},"end":{"line":62,"column":8}}]},"6":{"line":72,"type":"if","locations":[{"start":{"line":72,"column":8},"end":{"line":72,"column":8}},{"start":{"line":72,"column":8},"end":{"line":72,"column":8}}]},"7":{"line":73,"type":"if","locations":[{"start":{"line":73,"column":8},"end":{"line":73,"column":8}},{"start":{"line":73,"column":8},"end":{"line":73,"column":8}}]},"8":{"line":74,"type":"if","locations":[{"start":{"line":74,"column":8},"end":{"line":74,"column":8}},{"start":{"line":74,"column":8},"end":{"line":74,"column":8}}]},"9":{"line":75,"type":"if","locations":[{"start":{"line":75,"column":8},"end":{"line":75,"column":8}},{"start":{"line":75,"column":8},"end":{"line":75,"column":8}}]},"10":{"line":90,"type":"if","locations":[{"start":{"line":90,"column":8},"end":{"line":90,"column":8}},{"start":{"line":90,"column":8},"end":{"line":90,"column":8}}]},"11":{"line":92,"type":"if","locations":[{"start":{"line":92,"column":8},"end":{"line":92,"column":8}},{"start":{"line":92,"column":8},"end":{"line":92,"column":8}}]}}}}
