TN:
SF:D:\Projekty\blockchain\sell-smartcontract\contracts\SellGoods.sol
FN:20,sellItem
FN:36,purchaseItem
FN:46,approvePurchase
FN:53,disputePurchase
FN:60,settleDispute
FN:74,withdrawMoneyFromContract
FNF:6
FNH:3
FNDA:1,sellItem
FNDA:1,purchaseItem
FNDA:2,approvePurchase
FNDA:0,disputePurchase
FNDA:0,settleDispute
FNDA:0,withdrawMoneyFromContract
DA:21,1
DA:32,1
DA:33,1
DA:37,1
DA:38,1
DA:39,1
DA:40,1
DA:41,1
DA:42,1
DA:47,2
DA:48,2
DA:49,1
DA:54,0
DA:55,0
DA:56,0
DA:61,0
DA:62,0
DA:63,0
DA:65,0
DA:66,0
DA:67,0
DA:68,0
DA:69,0
DA:71,0
DA:75,0
DA:76,0
DA:77,0
DA:78,0
DA:79,0
DA:80,0
DA:81,0
DA:82,0
DA:83,0
LF:33
LH:12
BRDA:38,1,0,1
BRDA:38,1,1,0
BRDA:40,2,0,1
BRDA:40,2,1,0
BRDA:48,3,0,1
BRDA:48,3,1,1
BRDA:55,4,0,0
BRDA:55,4,1,0
BRDA:62,5,0,0
BRDA:62,5,1,0
BRDA:63,6,0,0
BRDA:63,6,1,0
BRDA:65,7,0,0
BRDA:65,7,1,0
BRDA:69,8,0,0
BRDA:69,8,1,0
BRDA:76,9,0,0
BRDA:76,9,1,0
BRDA:77,10,0,0
BRDA:77,10,1,0
BRDA:78,11,0,0
BRDA:78,11,1,0
BRDA:79,12,0,0
BRDA:79,12,1,0
BRDA:83,13,0,0
BRDA:83,13,1,0
BRF:26
BRH:4
end_of_record
