TN:
SF:D:\Projekty\blockchain\sell-smartcontract\contracts\SellGoods.sol
FN:20,sellItem
FN:36,purchaseItem
FN:46,approvePurchase
FN:53,disputePurchase
FN:60,settleDispute
FN:74,withdrawMoneyFromContract
FNF:6
FNH:3
FNDA:1,sellItem
FNDA:1,purchaseItem
FNDA:2,approvePurchase
FNDA:0,disputePurchase
FNDA:0,settleDispute
FNDA:0,withdrawMoneyFromContract
DA:21,1
DA:32,1
DA:33,1
DA:37,1
DA:38,1
DA:39,1
DA:40,1
DA:41,1
DA:42,1
DA:47,2
DA:48,2
DA:49,1
DA:54,0
DA:55,0
DA:56,0
DA:61,0
DA:62,0
DA:63,0
DA:65,0
DA:66,0
DA:67,0
DA:68,0
DA:69,0
DA:71,0
DA:75,0
DA:76,0
DA:77,0
DA:78,0
DA:79,0
DA:80,0
DA:81,0
DA:82,0
DA:83,0
LF:33
LH:12
BRDA:38,1,0,1
BRDA:38,1,1,0
BRDA:40,2,0,1
BRDA:40,2,1,0
BRDA:48,3,0,1
BRDA:48,3,1,1
BRDA:55,4,0,0
BRDA:55,4,1,0
BRDA:62,5,0,0
BRDA:62,5,1,0
BRDA:63,6,0,0
BRDA:63,6,1,0
BRDA:65,7,0,0
BRDA:65,7,1,0
BRDA:69,8,0,0
BRDA:69,8,1,0
BRDA:76,9,0,0
BRDA:76,9,1,0
BRDA:77,10,0,0
BRDA:77,10,1,0
BRDA:78,11,0,0
BRDA:78,11,1,0
BRDA:79,12,0,0
BRDA:79,12,1,0
BRDA:83,13,0,0
BRDA:83,13,1,0
BRF:26
BRH:4
end_of_record
TN:
SF:D:\Projekty\blockchain\sell-smartcontract\contracts\SellGoodsErc20.sol
FN:25,sellItem
FN:42,approvePurchase
FN:49,disputePurchase
FN:57,settleDispute
FN:70,withdrawMoneyFromContract
FN:83,getBalanceOf
FN:88,purchaseItem
FN:100,getContractBalanceOf
FNF:8
FNH:2
FNDA:1,sellItem
FNDA:1,approvePurchase
FNDA:0,disputePurchase
FNDA:0,settleDispute
FNDA:0,withdrawMoneyFromContract
FNDA:0,getBalanceOf
FNDA:0,purchaseItem
FNDA:0,getContractBalanceOf
DA:26,1
DA:38,1
DA:39,1
DA:43,1
DA:44,1
DA:45,0
DA:50,0
DA:51,0
DA:52,0
DA:58,0
DA:59,0
DA:60,0
DA:62,0
DA:63,0
DA:64,0
DA:65,0
DA:67,0
DA:71,0
DA:72,0
DA:73,0
DA:74,0
DA:75,0
DA:76,0
DA:77,0
DA:78,0
DA:79,0
DA:84,0
DA:89,0
DA:90,0
DA:91,0
DA:92,0
DA:93,0
DA:95,0
DA:96,0
DA:97,0
DA:101,0
LF:36
LH:5
BRDA:44,1,0,0
BRDA:44,1,1,1
BRDA:51,2,0,0
BRDA:51,2,1,0
BRDA:59,3,0,0
BRDA:59,3,1,0
BRDA:60,4,0,0
BRDA:60,4,1,0
BRDA:62,5,0,0
BRDA:62,5,1,0
BRDA:72,6,0,0
BRDA:72,6,1,0
BRDA:73,7,0,0
BRDA:73,7,1,0
BRDA:74,8,0,0
BRDA:74,8,1,0
BRDA:75,9,0,0
BRDA:75,9,1,0
BRDA:90,10,0,0
BRDA:90,10,1,0
BRDA:92,11,0,0
BRDA:92,11,1,0
BRF:22
BRH:1
end_of_record
